<?xml version="1.0" encoding="UTF-8"?>
<!-- Generated by org.testng.reporters.JUnitXMLReporter -->
<testsuite ignored="0" hostname="LAPTOP-J15UI2E7" failures="8" tests="8" name="Default test" time="14.714" errors="0" timestamp="2022-01-13T20:23:31 IST">
  <testcase classname="io.cucumber.testng.AbstractTestNGCucumberTests" name="runScenario" time="0.455">
    <failure type="java.lang.IllegalArgumentException" message="Input must be set">
      <![CDATA[java.lang.IllegalArgumentException: Input must be set
at org.openqa.selenium.internal.Require.nonNull(Require.java:56)
at org.openqa.selenium.support.ui.FluentWait.<init>(FluentWait.java:97)
at org.openqa.selenium.support.ui.WebDriverWait.<init>(WebDriverWait.java:128)
at org.openqa.selenium.support.ui.WebDriverWait.<init>(WebDriverWait.java:61)
at pages.BaseActions.<init>(BaseActions.java:22)
at pages.LoginPageSwagLabs.<init>(LoginPageSwagLabs.java:12)
at StepDefinitions.InventoryPageStepDefs.standard_user_logged_into_swag_labs(InventoryPageStepDefs.java:24)
at ✽.Standard User logged into SwagLabs(file:///C:/Users/shara/eclipse-workspace/CucumberTestNG-SwagLabs/src/test/resources/Features/inventory.feature:5)
]]>
    </failure>
  </testcase> <!-- runScenario -->
  <testcase classname="io.cucumber.testng.AbstractTestNGCucumberTests" name="runScenario" time="0.033">
    <failure type="java.lang.IllegalArgumentException" message="Input must be set">
      <![CDATA[java.lang.IllegalArgumentException: Input must be set
at org.openqa.selenium.internal.Require.nonNull(Require.java:56)
at org.openqa.selenium.support.ui.FluentWait.<init>(FluentWait.java:97)
at org.openqa.selenium.support.ui.WebDriverWait.<init>(WebDriverWait.java:128)
at org.openqa.selenium.support.ui.WebDriverWait.<init>(WebDriverWait.java:61)
at pages.BaseActions.<init>(BaseActions.java:22)
at pages.LoginPageSwagLabs.<init>(LoginPageSwagLabs.java:12)
at StepDefinitions.InventoryPageStepDefs.standard_user_logged_into_swag_labs(InventoryPageStepDefs.java:24)
at ✽.Standard User logged into SwagLabs(file:///C:/Users/shara/eclipse-workspace/CucumberTestNG-SwagLabs/src/test/resources/Features/inventory.feature:5)
]]>
    </failure>
  </testcase> <!-- runScenario -->
  <testcase classname="io.cucumber.testng.AbstractTestNGCucumberTests" name="runScenario" time="0.043">
    <failure type="java.lang.IllegalArgumentException" message="Input must be set">
      <![CDATA[java.lang.IllegalArgumentException: Input must be set
at org.openqa.selenium.internal.Require.nonNull(Require.java:56)
at org.openqa.selenium.support.ui.FluentWait.<init>(FluentWait.java:97)
at org.openqa.selenium.support.ui.WebDriverWait.<init>(WebDriverWait.java:128)
at org.openqa.selenium.support.ui.WebDriverWait.<init>(WebDriverWait.java:61)
at pages.BaseActions.<init>(BaseActions.java:22)
at pages.LoginPageSwagLabs.<init>(LoginPageSwagLabs.java:12)
at StepDefinitions.InventoryPageStepDefs.standard_user_logged_into_swag_labs(InventoryPageStepDefs.java:24)
at ✽.Standard User logged into SwagLabs(file:///C:/Users/shara/eclipse-workspace/CucumberTestNG-SwagLabs/src/test/resources/Features/inventory.feature:5)
]]>
    </failure>
  </testcase> <!-- runScenario -->
  <testcase classname="io.cucumber.testng.AbstractTestNGCucumberTests" name="runScenario" time="0.032">
    <failure type="java.lang.IllegalArgumentException" message="Input must be set">
      <![CDATA[java.lang.IllegalArgumentException: Input must be set
at org.openqa.selenium.internal.Require.nonNull(Require.java:56)
at org.openqa.selenium.support.ui.FluentWait.<init>(FluentWait.java:97)
at org.openqa.selenium.support.ui.WebDriverWait.<init>(WebDriverWait.java:128)
at org.openqa.selenium.support.ui.WebDriverWait.<init>(WebDriverWait.java:61)
at pages.BaseActions.<init>(BaseActions.java:22)
at pages.LoginPageSwagLabs.<init>(LoginPageSwagLabs.java:12)
at StepDefinitions.InventoryPageStepDefs.standard_user_logged_into_swag_labs(InventoryPageStepDefs.java:24)
at ✽.Standard User logged into SwagLabs(file:///C:/Users/shara/eclipse-workspace/CucumberTestNG-SwagLabs/src/test/resources/Features/inventory.feature:5)
]]>
    </failure>
  </testcase> <!-- runScenario -->
  <testcase classname="io.cucumber.testng.AbstractTestNGCucumberTests" name="runScenario" time="0.025">
    <failure type="java.lang.IllegalArgumentException" message="Input must be set">
      <![CDATA[java.lang.IllegalArgumentException: Input must be set
at org.openqa.selenium.internal.Require.nonNull(Require.java:56)
at org.openqa.selenium.support.ui.FluentWait.<init>(FluentWait.java:97)
at org.openqa.selenium.support.ui.WebDriverWait.<init>(WebDriverWait.java:128)
at org.openqa.selenium.support.ui.WebDriverWait.<init>(WebDriverWait.java:61)
at pages.BaseActions.<init>(BaseActions.java:22)
at pages.LoginPageSwagLabs.<init>(LoginPageSwagLabs.java:12)
at StepDefinitions.InventoryPageStepDefs.standard_user_logged_into_swag_labs(InventoryPageStepDefs.java:24)
at ✽.Standard User logged into SwagLabs(file:///C:/Users/shara/eclipse-workspace/CucumberTestNG-SwagLabs/src/test/resources/Features/inventory.feature:5)
]]>
    </failure>
  </testcase> <!-- runScenario -->
  <testcase classname="io.cucumber.testng.AbstractTestNGCucumberTests" name="runScenario" time="0.04">
    <failure type="java.lang.IllegalArgumentException" message="Input must be set">
      <![CDATA[java.lang.IllegalArgumentException: Input must be set
at org.openqa.selenium.internal.Require.nonNull(Require.java:56)
at org.openqa.selenium.support.ui.FluentWait.<init>(FluentWait.java:97)
at org.openqa.selenium.support.ui.WebDriverWait.<init>(WebDriverWait.java:128)
at org.openqa.selenium.support.ui.WebDriverWait.<init>(WebDriverWait.java:61)
at pages.BaseActions.<init>(BaseActions.java:22)
at pages.LoginPageSwagLabs.<init>(LoginPageSwagLabs.java:12)
at StepDefinitions.InventoryPageStepDefs.standard_user_logged_into_swag_labs(InventoryPageStepDefs.java:24)
at ✽.Standard User logged into SwagLabs(file:///C:/Users/shara/eclipse-workspace/CucumberTestNG-SwagLabs/src/test/resources/Features/inventory.feature:5)
]]>
    </failure>
  </testcase> <!-- runScenario -->
  <testcase classname="io.cucumber.testng.AbstractTestNGCucumberTests" name="runScenario" time="0.033">
    <failure type="java.lang.IllegalArgumentException" message="Input must be set">
      <![CDATA[java.lang.IllegalArgumentException: Input must be set
at org.openqa.selenium.internal.Require.nonNull(Require.java:56)
at org.openqa.selenium.support.ui.FluentWait.<init>(FluentWait.java:97)
at org.openqa.selenium.support.ui.WebDriverWait.<init>(WebDriverWait.java:128)
at org.openqa.selenium.support.ui.WebDriverWait.<init>(WebDriverWait.java:61)
at pages.BaseActions.<init>(BaseActions.java:22)
at pages.LoginPageSwagLabs.<init>(LoginPageSwagLabs.java:12)
at StepDefinitions.InventoryPageStepDefs.standard_user_logged_into_swag_labs(InventoryPageStepDefs.java:24)
at ✽.Standard User logged into SwagLabs(file:///C:/Users/shara/eclipse-workspace/CucumberTestNG-SwagLabs/src/test/resources/Features/inventory.feature:5)
]]>
    </failure>
  </testcase> <!-- runScenario -->
  <testcase classname="io.cucumber.testng.AbstractTestNGCucumberTests" name="runScenario" time="0.042">
    <failure type="java.lang.IllegalArgumentException" message="Input must be set">
      <![CDATA[java.lang.IllegalArgumentException: Input must be set
at org.openqa.selenium.internal.Require.nonNull(Require.java:56)
at org.openqa.selenium.support.ui.FluentWait.<init>(FluentWait.java:97)
at org.openqa.selenium.support.ui.WebDriverWait.<init>(WebDriverWait.java:128)
at org.openqa.selenium.support.ui.WebDriverWait.<init>(WebDriverWait.java:61)
at pages.BaseActions.<init>(BaseActions.java:22)
at pages.LoginPageSwagLabs.<init>(LoginPageSwagLabs.java:12)
at StepDefinitions.InventoryPageStepDefs.standard_user_logged_into_swag_labs(InventoryPageStepDefs.java:24)
at ✽.Standard User logged into SwagLabs(file:///C:/Users/shara/eclipse-workspace/CucumberTestNG-SwagLabs/src/test/resources/Features/inventory.feature:5)
]]>
    </failure>
  </testcase> <!-- runScenario -->
</testsuite> <!-- Default test -->
