<?xml version="1.0" encoding="UTF-8"?>
<!-- Generated by org.testng.reporters.JUnitXMLReporter -->
<testsuite ignored="0" hostname="LAPTOP-J15UI2E7" failures="6" tests="8" name="Default test" time="54.653" errors="0" timestamp="2021-12-19T15:23:33 IST">
  <testcase classname="io.cucumber.testng.AbstractTestNGCucumberTests" name="runScenario" time="4.754"/>
  <testcase classname="io.cucumber.testng.AbstractTestNGCucumberTests" name="runScenario" time="4.158"/>
  <testcase classname="io.cucumber.testng.AbstractTestNGCucumberTests" name="runScenario" time="6.512">
    <failure type="java.lang.AssertionError" message="expected [Name (A to Z)] but found [NAME (A TO Z)]">
      <![CDATA[java.lang.AssertionError: expected [Name (A to Z)] but found [NAME (A TO Z)]
at org.testng.Assert.fail(Assert.java:99)
at org.testng.Assert.failNotEquals(Assert.java:1037)
at org.testng.Assert.assertEqualsImpl(Assert.java:140)
at org.testng.Assert.assertEquals(Assert.java:122)
at org.testng.Assert.assertEquals(Assert.java:629)
at org.testng.Assert.assertEquals(Assert.java:639)
at StepDefinitions.InventoryPageStepDefs.verify_the_default_order_of_the_product_catalog_is(InventoryPageStepDefs.java:49)
at ✽.Verify the default order of the product catalog is "Name (A to Z)"(file:///C:/Users/shara/eclipse-workspace/CucumberTestNG-SwagLabs/src/test/resources/Features/inventory.feature:20)
]]>
    </failure>
  </testcase> <!-- runScenario -->
  <testcase classname="io.cucumber.testng.AbstractTestNGCucumberTests" name="runScenario" time="7.714">
    <failure type="java.lang.AssertionError" message="expected [Name (A to Z)] but found [NAME (A TO Z)]">
      <![CDATA[java.lang.AssertionError: expected [Name (A to Z)] but found [NAME (A TO Z)]
at org.testng.Assert.fail(Assert.java:99)
at org.testng.Assert.failNotEquals(Assert.java:1037)
at org.testng.Assert.assertEqualsImpl(Assert.java:140)
at org.testng.Assert.assertEquals(Assert.java:122)
at org.testng.Assert.assertEquals(Assert.java:629)
at org.testng.Assert.assertEquals(Assert.java:639)
at StepDefinitions.InventoryPageStepDefs.verify_the_default_order_of_the_product_catalog_is(InventoryPageStepDefs.java:49)
at ✽.Verify the default order of the product catalog is "Name (A to Z)"(file:///C:/Users/shara/eclipse-workspace/CucumberTestNG-SwagLabs/src/test/resources/Features/inventory.feature:33)
]]>
    </failure>
  </testcase> <!-- runScenario -->
  <testcase classname="io.cucumber.testng.AbstractTestNGCucumberTests" name="runScenario" time="7.629">
    <failure type="java.lang.AssertionError" message="expected [Name (A to Z)] but found [NAME (A TO Z)]">
      <![CDATA[java.lang.AssertionError: expected [Name (A to Z)] but found [NAME (A TO Z)]
at org.testng.Assert.fail(Assert.java:99)
at org.testng.Assert.failNotEquals(Assert.java:1037)
at org.testng.Assert.assertEqualsImpl(Assert.java:140)
at org.testng.Assert.assertEquals(Assert.java:122)
at org.testng.Assert.assertEquals(Assert.java:629)
at org.testng.Assert.assertEquals(Assert.java:639)
at StepDefinitions.InventoryPageStepDefs.verify_the_default_order_of_the_product_catalog_is(InventoryPageStepDefs.java:49)
at ✽.Verify the default order of the product catalog is "Name (A to Z)"(file:///C:/Users/shara/eclipse-workspace/CucumberTestNG-SwagLabs/src/test/resources/Features/inventory.feature:47)
]]>
    </failure>
  </testcase> <!-- runScenario -->
  <testcase classname="io.cucumber.testng.AbstractTestNGCucumberTests" name="runScenario" time="6.862">
    <failure type="java.lang.AssertionError" message="expected [Name (A to Z)] but found [NAME (A TO Z)]">
      <![CDATA[java.lang.AssertionError: expected [Name (A to Z)] but found [NAME (A TO Z)]
at org.testng.Assert.fail(Assert.java:99)
at org.testng.Assert.failNotEquals(Assert.java:1037)
at org.testng.Assert.assertEqualsImpl(Assert.java:140)
at org.testng.Assert.assertEquals(Assert.java:122)
at org.testng.Assert.assertEquals(Assert.java:629)
at org.testng.Assert.assertEquals(Assert.java:639)
at StepDefinitions.InventoryPageStepDefs.verify_the_default_order_of_the_product_catalog_is(InventoryPageStepDefs.java:49)
at ✽.Verify the default order of the product catalog is "Name (A to Z)"(file:///C:/Users/shara/eclipse-workspace/CucumberTestNG-SwagLabs/src/test/resources/Features/inventory.feature:62)
]]>
    </failure>
  </testcase> <!-- runScenario -->
  <testcase classname="io.cucumber.testng.AbstractTestNGCucumberTests" name="runScenario" time="5.195">
    <failure type="java.lang.AssertionError" message="expected [Name (A to Z)] but found [NAME (A TO Z)]">
      <![CDATA[java.lang.AssertionError: expected [Name (A to Z)] but found [NAME (A TO Z)]
at org.testng.Assert.fail(Assert.java:99)
at org.testng.Assert.failNotEquals(Assert.java:1037)
at org.testng.Assert.assertEqualsImpl(Assert.java:140)
at org.testng.Assert.assertEquals(Assert.java:122)
at org.testng.Assert.assertEquals(Assert.java:629)
at org.testng.Assert.assertEquals(Assert.java:639)
at StepDefinitions.InventoryPageStepDefs.verify_the_default_order_of_the_product_catalog_is(InventoryPageStepDefs.java:49)
at ✽.Verify the default order of the product catalog is "Name (A to Z)"(file:///C:/Users/shara/eclipse-workspace/CucumberTestNG-SwagLabs/src/test/resources/Features/inventory.feature:76)
]]>
    </failure>
  </testcase> <!-- runScenario -->
  <testcase classname="io.cucumber.testng.AbstractTestNGCucumberTests" name="runScenario" time="5.67">
    <failure type="java.lang.AssertionError" message="expected [Name (A to Z)] but found [NAME (A TO Z)]">
      <![CDATA[java.lang.AssertionError: expected [Name (A to Z)] but found [NAME (A TO Z)]
at org.testng.Assert.fail(Assert.java:99)
at org.testng.Assert.failNotEquals(Assert.java:1037)
at org.testng.Assert.assertEqualsImpl(Assert.java:140)
at org.testng.Assert.assertEquals(Assert.java:122)
at org.testng.Assert.assertEquals(Assert.java:629)
at org.testng.Assert.assertEquals(Assert.java:639)
at StepDefinitions.InventoryPageStepDefs.verify_the_default_order_of_the_product_catalog_is(InventoryPageStepDefs.java:49)
at ✽.Verify the default order of the product catalog is "Name (A to Z)"(file:///C:/Users/shara/eclipse-workspace/CucumberTestNG-SwagLabs/src/test/resources/Features/inventory.feature:90)
]]>
    </failure>
  </testcase> <!-- runScenario -->
</testsuite> <!-- Default test -->
