-------------------------------------------------------------------------------
Test set: StepDefinitions.TestRunner
-------------------------------------------------------------------------------
Tests run: 12, Failures: 1, Errors: 0, Skipped: 0, Time elapsed: 56.62 s <<< FAILURE! - in StepDefinitions.TestRunner
runScenario(StepDefinitions.TestRunner)  Time elapsed: 5.396 s  <<< FAILURE!
java.lang.AssertionError: expected [https://www.saucedemo.com/inventory.html] but found [https://www.saucedemo.com/]

