<?xml version="1.0" encoding="UTF-8"?>
<testsuite xmlns:xsi="http://www.w3.org/2001/XMLSchema-instance" xsi:noNamespaceSchemaLocation="https://maven.apache.org/surefire/maven-surefire-plugin/xsd/surefire-test-report.xsd" name="StepDefinitions.TestRunner" time="56.62" tests="12" errors="0" skipped="0" failures="1">
  <properties>
[...]
</properties>
  <testcase name="runScenario" classname="StepDefinitions.TestRunner" time="0.435"/>
  <testcase name="runScenario" classname="StepDefinitions.TestRunner" time="0.006"/>
  <testcase name="runScenario" classname="StepDefinitions.TestRunner" time="0.008"/>
  <testcase name="runScenario" classname="StepDefinitions.TestRunner" time="0.005"/>
  <testcase name="runScenario" classname="StepDefinitions.TestRunner" time="0.004"/>
  <testcase name="runScenario" classname="StepDefinitions.TestRunner" time="0.003"/>
  <testcase name="runScenario" classname="StepDefinitions.TestRunner" time="0.016"/>
  <testcase name="runScenario" classname="StepDefinitions.TestRunner" time="0.006"/>
  <testcase name="runScenario" classname="StepDefinitions.TestRunner" time="28.366"/>
  <testcase name="runScenario" classname="StepDefinitions.TestRunner" time="5.396">
    <failure message="expected [https://www.saucedemo.com/inventory.html] but found [https://www.saucedemo.com/]" type="java.lang.AssertionError">java.lang.AssertionError: expected [https://www.saucedemo.com/inventory.html] but found [https://www.saucedemo.com/]
</failure>
    <system-out><![CDATA[
@Login @locked_out_user_login
Scenario: Login Functionality with locked_out_user            # src/test/resources/Features/login.feature:17
Browser selected is: chrome
  Given User launches the SwagLabs                            # StepDefinitions.LoginPageStepDefinitions.user_launches_the_swag_labs()
  Then URL of the page should be "https://www.saucedemo.com/" # StepDefinitions.LoginPageStepDefinitions.url_of_the_page_should_be(java.lang.String)
  Given User landed on Swag Labs Application Home Page        # StepDefinitions.LoginPageStepDefinitions.user_landed_on_swag_labs_application_home_page()
[locked_out_user, secret_sauce]
  When User attempts to login with below credentials          # StepDefinitions.LoginPageStepDefinitions.user_attempts_to_login_with_below_credentials(io.cucumber.datatable.DataTable)
  Then user should be directed to product catalog page        # StepDefinitions.LoginPageStepDefinitions.user_should_be_directed_to_product_catalog_page()
      java.lang.AssertionError: expected [https://www.saucedemo.com/inventory.html] but found [https://www.saucedemo.com/]
	at org.testng.Assert.fail(Assert.java:99)
	at org.testng.Assert.failNotEquals(Assert.java:1037)
	at org.testng.Assert.assertEqualsImpl(Assert.java:140)
	at org.testng.Assert.assertEquals(Assert.java:122)
	at org.testng.Assert.assertEquals(Assert.java:629)
	at org.testng.Assert.assertEquals(Assert.java:639)
	at StepDefinitions.LoginPageStepDefinitions.user_should_be_directed_to_product_catalog_page(LoginPageStepDefinitions.java:66)
	at âœ½.user should be directed to product catalog page(file:///C:/Users/shara/eclipse-workspace/CucumberTestNG-SwagLabs/src/test/resources/Features/login.feature:21)


    Embedding Login Functionality with locked_out_user [image/png 93548 bytes]

]]></system-out>
    <system-err><![CDATA[Starting ChromeDriver 96.0.4664.45 (76e4c1bb2ab4671b8beba3444e61c0f17584b2fc-refs/branch-heads/4664@{#947}) on port 52884
Only local connections are allowed.
Please see https://chromedriver.chromium.org/security-considerations for suggestions on keeping ChromeDriver safe.
ChromeDriver was started successfully.
Dec 17, 2021 8:47:47 PM org.openqa.selenium.remote.ProtocolHandshake createSession
INFO: Detected dialect: W3C
Dec 17, 2021 8:47:47 PM org.openqa.selenium.devtools.CdpVersionFinder findNearestMatch
WARNING: Unable to find an exact match for CDP version 96, so returning the closest version found: 95
Dec 17, 2021 8:47:47 PM org.openqa.selenium.devtools.CdpVersionFinder findNearestMatch
INFO: Found CDP implementation for version 96 of 95
]]></system-err>
  </testcase>
  <testcase name="runScenario" classname="StepDefinitions.TestRunner" time="5.457"/>
  <testcase name="runScenario" classname="StepDefinitions.TestRunner" time="10.584"/>
</testsuite>