<?xml version="1.0" encoding="UTF-8"?>
<testng-results ignored="0" total="4" passed="3" failed="1" skipped="0">
  <reporter-output>
  </reporter-output>
  <suite started-at="2021-12-18T11:19:52 IST" name="Default suite" finished-at="2021-12-18T11:20:47 IST" duration-ms="54905">
    <groups>
      <group name="cucumber">
        <method signature="AbstractTestNGCucumberTests.runScenario(io.cucumber.testng.PickleWrapper, io.cucumber.testng.FeatureWrapper)[pri:0, instance:StepDefinitions.TestRunner@53aac487]" name="runScenario" class="io.cucumber.testng.AbstractTestNGCucumberTests"/>
      </group> <!-- cucumber -->
    </groups>
    <test started-at="2021-12-18T11:19:52 IST" name="Default test" finished-at="2021-12-18T11:20:47 IST" duration-ms="54905">
      <class name="StepDefinitions.TestRunner">
        <test-method is-config="true" signature="setUpClass()[pri:0, instance:StepDefinitions.TestRunner@53aac487]" started-at="2021-12-18T11:19:52 IST" name="setUpClass" finished-at="2021-12-18T11:19:54 IST" duration-ms="1489" status="PASS">
          <reporter-output>
          </reporter-output>
        </test-method> <!-- setUpClass -->
        <test-method signature="runScenario(io.cucumber.testng.PickleWrapper, io.cucumber.testng.FeatureWrapper)[pri:0, instance:StepDefinitions.TestRunner@53aac487]" started-at="2021-12-18T11:19:54 IST" name="runScenario" description="Runs Cucumber Scenarios" data-provider="scenarios" finished-at="2021-12-18T11:20:16 IST" duration-ms="22183" status="PASS">
          <params>
            <param index="0">
              <value>
                <![CDATA["Login Functionality with Standard user"]]>
              </value>
            </param>
            <param index="1">
              <value>
                <![CDATA["Optional[Verify the Login Feature with all users login]"]]>
              </value>
            </param>
          </params>
          <reporter-output>
          </reporter-output>
        </test-method> <!-- runScenario -->
        <test-method signature="runScenario(io.cucumber.testng.PickleWrapper, io.cucumber.testng.FeatureWrapper)[pri:0, instance:StepDefinitions.TestRunner@53aac487]" started-at="2021-12-18T11:20:16 IST" name="runScenario" description="Runs Cucumber Scenarios" data-provider="scenarios" finished-at="2021-12-18T11:20:24 IST" duration-ms="7836" status="FAIL">
          <params>
            <param index="0">
              <value>
                <![CDATA["Login Functionality with locked_out_user"]]>
              </value>
            </param>
            <param index="1">
              <value>
                <![CDATA["Optional[Verify the Login Feature with all users login]"]]>
              </value>
            </param>
          </params>
          <exception class="java.lang.AssertionError">
            <message>
              <![CDATA[expected [https://www.saucedemo.com/inventory.html] but found [https://www.saucedemo.com/]]]>
            </message>
            <full-stacktrace>
              <![CDATA[java.lang.AssertionError: expected [https://www.saucedemo.com/inventory.html] but found [https://www.saucedemo.com/]
at org.testng.Assert.fail(Assert.java:99)
at org.testng.Assert.failNotEquals(Assert.java:1037)
at org.testng.Assert.assertEqualsImpl(Assert.java:140)
at org.testng.Assert.assertEquals(Assert.java:122)
at org.testng.Assert.assertEquals(Assert.java:629)
at org.testng.Assert.assertEquals(Assert.java:639)
at StepDefinitions.LoginPageStepDefinitions.user_should_be_directed_to_product_catalog_page(LoginPageStepDefinitions.java:66)
at ✽.user should be directed to product catalog page(file:///C:/Users/shara/eclipse-workspace/CucumberTestNG-SwagLabs/src/test/resources/Features/login.feature:21)
]]>
            </full-stacktrace>
          </exception> <!-- java.lang.AssertionError -->
          <reporter-output>
          </reporter-output>
        </test-method> <!-- runScenario -->
        <test-method signature="runScenario(io.cucumber.testng.PickleWrapper, io.cucumber.testng.FeatureWrapper)[pri:0, instance:StepDefinitions.TestRunner@53aac487]" started-at="2021-12-18T11:20:24 IST" name="runScenario" description="Runs Cucumber Scenarios" data-provider="scenarios" finished-at="2021-12-18T11:20:29 IST" duration-ms="5176" status="PASS">
          <params>
            <param index="0">
              <value>
                <![CDATA["Login Functionality with problem_user"]]>
              </value>
            </param>
            <param index="1">
              <value>
                <![CDATA["Optional[Verify the Login Feature with all users login]"]]>
              </value>
            </param>
          </params>
          <reporter-output>
          </reporter-output>
        </test-method> <!-- runScenario -->
        <test-method signature="runScenario(io.cucumber.testng.PickleWrapper, io.cucumber.testng.FeatureWrapper)[pri:0, instance:StepDefinitions.TestRunner@53aac487]" started-at="2021-12-18T11:20:29 IST" name="runScenario" description="Runs Cucumber Scenarios" data-provider="scenarios" finished-at="2021-12-18T11:20:39 IST" duration-ms="9828" status="PASS">
          <params>
            <param index="0">
              <value>
                <![CDATA["Login Functionality with performance_glitch_user"]]>
              </value>
            </param>
            <param index="1">
              <value>
                <![CDATA["Optional[Verify the Login Feature with all users login]"]]>
              </value>
            </param>
          </params>
          <reporter-output>
          </reporter-output>
        </test-method> <!-- runScenario -->
        <test-method is-config="true" signature="tearDownClass()[pri:0, instance:StepDefinitions.TestRunner@53aac487]" started-at="2021-12-18T11:20:39 IST" name="tearDownClass" finished-at="2021-12-18T11:20:47 IST" duration-ms="8263" status="PASS">
          <reporter-output>
          </reporter-output>
        </test-method> <!-- tearDownClass -->
      </class> <!-- StepDefinitions.TestRunner -->
    </test> <!-- Default test -->
  </suite> <!-- Default suite -->
</testng-results>
